233  [main] INFO  org.zkoss.zk.ui.http.WebManager - Starting ZK 9.0.0.1 CE (build: 2020051911)
254  [main] INFO  org.zkoss.zk.ui.sys.ConfigParser - Loading system default
316  [main] INFO  org.zkoss.zk.ui.sys.ConfigParser - Parsing jar:file:/D:/Programming/eclipse-workspace/.metadata/.plugins/org.eclipse.wst.server.core/tmp0/wtpwebapps/Authorization/WEB-INF/lib/zul-9.0.0.1.jar!/metainfo/zk/zk.xml
1542 [http-nio-8080-exec-2] INFO  o.z.u.resource.impl.LabelLoaderImpl - Loading labels for ru_RU
1545 [http-nio-8080-exec-2] INFO  o.z.u.resource.impl.LabelLoaderImpl - Loading labels for ru
288  [main] INFO  org.zkoss.zk.ui.http.WebManager - Starting ZK 9.0.0.1 CE (build: 2020051911)
320  [main] INFO  org.zkoss.zk.ui.sys.ConfigParser - Loading system default
389  [main] INFO  org.zkoss.zk.ui.sys.ConfigParser - Parsing jar:file:/D:/Programs/apache-tomcat-9.0.37/webapps/Authorization/WEB-INF/lib/zul-9.0.0.1.jar!/metainfo/zk/zk.xml
260  [main] INFO  org.zkoss.zk.ui.http.WebManager - Starting ZK 9.0.0.1 CE (build: 2020051911)
287  [main] INFO  org.zkoss.zk.ui.sys.ConfigParser - Loading system default
347  [main] INFO  org.zkoss.zk.ui.sys.ConfigParser - Parsing jar:file:/D:/Programs/apache-tomcat-9.0.37/webapps/Authorization/WEB-INF/lib/zul-9.0.0.1.jar!/metainfo/zk/zk.xml
305  [main] INFO  org.zkoss.zk.ui.http.WebManager - Starting ZK 9.0.0.1 CE (build: 2020051911)
338  [main] INFO  org.zkoss.zk.ui.sys.ConfigParser - Loading system default
417  [main] INFO  org.zkoss.zk.ui.sys.ConfigParser - Parsing jar:file:/D:/Programs/apache-tomcat-9.0.37/webapps/Authorization/WEB-INF/lib/zul-9.0.0.1.jar!/metainfo/zk/zk.xml
45510 [http-nio-8080-exec-3] INFO  o.z.u.resource.impl.LabelLoaderImpl - Loading labels for ru
507075 [http-nio-8080-exec-9] ERROR org.zkoss.zk.ui.impl.UiEngineImpl - 
java.lang.IndexOutOfBoundsException: Index 0 out of bounds for length 0
	at java.base/jdk.internal.util.Preconditions.outOfBounds(Preconditions.java:64)
	at java.base/jdk.internal.util.Preconditions.outOfBoundsCheckIndex(Preconditions.java:70)
	at java.base/jdk.internal.util.Preconditions.checkIndex(Preconditions.java:248)
	at java.base/java.util.Objects.checkIndex(Objects.java:373)
	at java.base/java.util.ArrayList.get(ArrayList.java:426)
	at com.github.Yury1991.Authorization.DialogController.userDelete(DialogController.java:25)
	at java.base/jdk.internal.reflect.NativeMethodAccessorImpl.invoke0(Native Method)
	at java.base/jdk.internal.reflect.NativeMethodAccessorImpl.invoke(NativeMethodAccessorImpl.java:62)
	at java.base/jdk.internal.reflect.DelegatingMethodAccessorImpl.invoke(DelegatingMethodAccessorImpl.java:43)
	at java.base/java.lang.reflect.Method.invoke(Method.java:564)
	at org.zkoss.zk.ui.select.Selectors$ComposerEventListener.onEvent(Selectors.java:687)
	at org.zkoss.zk.ui.AbstractComponent.onEvent(AbstractComponent.java:3184)
	at org.zkoss.zk.ui.AbstractComponent.service(AbstractComponent.java:3154)
	at org.zkoss.zk.ui.AbstractComponent.service(AbstractComponent.java:3096)
	at org.zkoss.zk.ui.impl.EventProcessor.process(EventProcessor.java:138)
	at org.zkoss.zk.ui.impl.UiEngineImpl.processEvent(UiEngineImpl.java:1851)
	at org.zkoss.zk.ui.impl.UiEngineImpl.process(UiEngineImpl.java:1623)
	at org.zkoss.zk.ui.impl.UiEngineImpl.execUpdate(UiEngineImpl.java:1326)
	at org.zkoss.zk.au.http.DHtmlUpdateServlet.process(DHtmlUpdateServlet.java:611)
	at org.zkoss.zk.au.http.DHtmlUpdateServlet.doGet(DHtmlUpdateServlet.java:487)
	at org.zkoss.zk.au.http.DHtmlUpdateServlet.doPost(DHtmlUpdateServlet.java:495)
	at javax.servlet.http.HttpServlet.service(HttpServlet.java:652)
	at javax.servlet.http.HttpServlet.service(HttpServlet.java:733)
	at org.apache.catalina.core.ApplicationFilterChain.internalDoFilter(ApplicationFilterChain.java:231)
	at org.apache.catalina.core.ApplicationFilterChain.doFilter(ApplicationFilterChain.java:166)
	at org.apache.tomcat.websocket.server.WsFilter.doFilter(WsFilter.java:53)
	at org.apache.catalina.core.ApplicationFilterChain.internalDoFilter(ApplicationFilterChain.java:193)
	at org.apache.catalina.core.ApplicationFilterChain.doFilter(ApplicationFilterChain.java:166)
	at org.apache.catalina.core.StandardWrapperValve.invoke(StandardWrapperValve.java:202)
	at org.apache.catalina.core.StandardContextValve.invoke(StandardContextValve.java:96)
	at org.apache.catalina.authenticator.AuthenticatorBase.invoke(AuthenticatorBase.java:541)
	at org.apache.catalina.core.StandardHostValve.invoke(StandardHostValve.java:139)
	at org.apache.catalina.valves.ErrorReportValve.invoke(ErrorReportValve.java:92)
	at org.apache.catalina.valves.AbstractAccessLogValve.invoke(AbstractAccessLogValve.java:690)
	at org.apache.catalina.core.StandardEngineValve.invoke(StandardEngineValve.java:74)
	at org.apache.catalina.connector.CoyoteAdapter.service(CoyoteAdapter.java:343)
	at org.apache.coyote.http11.Http11Processor.service(Http11Processor.java:373)
	at org.apache.coyote.AbstractProcessorLight.process(AbstractProcessorLight.java:65)
	at org.apache.coyote.AbstractProtocol$ConnectionHandler.process(AbstractProtocol.java:868)
	at org.apache.tomcat.util.net.NioEndpoint$SocketProcessor.doRun(NioEndpoint.java:1589)
	at org.apache.tomcat.util.net.SocketProcessorBase.run(SocketProcessorBase.java:49)
	at java.base/java.util.concurrent.ThreadPoolExecutor.runWorker(ThreadPoolExecutor.java:1130)
	at java.base/java.util.concurrent.ThreadPoolExecutor$Worker.run(ThreadPoolExecutor.java:630)
	at org.apache.tomcat.util.threads.TaskThread$WrappingRunnable.run(TaskThread.java:61)
	at java.base/java.lang.Thread.run(Thread.java:832)
509157 [http-nio-8080-exec-2] ERROR org.zkoss.zk.ui.impl.UiEngineImpl - 
java.lang.IndexOutOfBoundsException: Index 0 out of bounds for length 0
	at java.base/jdk.internal.util.Preconditions.outOfBounds(Preconditions.java:64)
	at java.base/jdk.internal.util.Preconditions.outOfBoundsCheckIndex(Preconditions.java:70)
	at java.base/jdk.internal.util.Preconditions.checkIndex(Preconditions.java:248)
	at java.base/java.util.Objects.checkIndex(Objects.java:373)
	at java.base/java.util.ArrayList.get(ArrayList.java:426)
	at com.github.Yury1991.Authorization.DialogController.userDelete(DialogController.java:25)
	at java.base/jdk.internal.reflect.NativeMethodAccessorImpl.invoke0(Native Method)
	at java.base/jdk.internal.reflect.NativeMethodAccessorImpl.invoke(NativeMethodAccessorImpl.java:62)
	at java.base/jdk.internal.reflect.DelegatingMethodAccessorImpl.invoke(DelegatingMethodAccessorImpl.java:43)
	at java.base/java.lang.reflect.Method.invoke(Method.java:564)
	at org.zkoss.zk.ui.select.Selectors$ComposerEventListener.onEvent(Selectors.java:687)
	at org.zkoss.zk.ui.AbstractComponent.onEvent(AbstractComponent.java:3184)
	at org.zkoss.zk.ui.AbstractComponent.service(AbstractComponent.java:3154)
	at org.zkoss.zk.ui.AbstractComponent.service(AbstractComponent.java:3096)
	at org.zkoss.zk.ui.impl.EventProcessor.process(EventProcessor.java:138)
	at org.zkoss.zk.ui.impl.UiEngineImpl.processEvent(UiEngineImpl.java:1851)
	at org.zkoss.zk.ui.impl.UiEngineImpl.process(UiEngineImpl.java:1623)
	at org.zkoss.zk.ui.impl.UiEngineImpl.execUpdate(UiEngineImpl.java:1326)
	at org.zkoss.zk.au.http.DHtmlUpdateServlet.process(DHtmlUpdateServlet.java:611)
	at org.zkoss.zk.au.http.DHtmlUpdateServlet.doGet(DHtmlUpdateServlet.java:487)
	at org.zkoss.zk.au.http.DHtmlUpdateServlet.doPost(DHtmlUpdateServlet.java:495)
	at javax.servlet.http.HttpServlet.service(HttpServlet.java:652)
	at javax.servlet.http.HttpServlet.service(HttpServlet.java:733)
	at org.apache.catalina.core.ApplicationFilterChain.internalDoFilter(ApplicationFilterChain.java:231)
	at org.apache.catalina.core.ApplicationFilterChain.doFilter(ApplicationFilterChain.java:166)
	at org.apache.tomcat.websocket.server.WsFilter.doFilter(WsFilter.java:53)
	at org.apache.catalina.core.ApplicationFilterChain.internalDoFilter(ApplicationFilterChain.java:193)
	at org.apache.catalina.core.ApplicationFilterChain.doFilter(ApplicationFilterChain.java:166)
	at org.apache.catalina.core.StandardWrapperValve.invoke(StandardWrapperValve.java:202)
	at org.apache.catalina.core.StandardContextValve.invoke(StandardContextValve.java:96)
	at org.apache.catalina.authenticator.AuthenticatorBase.invoke(AuthenticatorBase.java:541)
	at org.apache.catalina.core.StandardHostValve.invoke(StandardHostValve.java:139)
	at org.apache.catalina.valves.ErrorReportValve.invoke(ErrorReportValve.java:92)
	at org.apache.catalina.valves.AbstractAccessLogValve.invoke(AbstractAccessLogValve.java:690)
	at org.apache.catalina.core.StandardEngineValve.invoke(StandardEngineValve.java:74)
	at org.apache.catalina.connector.CoyoteAdapter.service(CoyoteAdapter.java:343)
	at org.apache.coyote.http11.Http11Processor.service(Http11Processor.java:373)
	at org.apache.coyote.AbstractProcessorLight.process(AbstractProcessorLight.java:65)
	at org.apache.coyote.AbstractProtocol$ConnectionHandler.process(AbstractProtocol.java:868)
	at org.apache.tomcat.util.net.NioEndpoint$SocketProcessor.doRun(NioEndpoint.java:1589)
	at org.apache.tomcat.util.net.SocketProcessorBase.run(SocketProcessorBase.java:49)
	at java.base/java.util.concurrent.ThreadPoolExecutor.runWorker(ThreadPoolExecutor.java:1130)
	at java.base/java.util.concurrent.ThreadPoolExecutor$Worker.run(ThreadPoolExecutor.java:630)
	at org.apache.tomcat.util.threads.TaskThread$WrappingRunnable.run(TaskThread.java:61)
	at java.base/java.lang.Thread.run(Thread.java:832)
218  [main] INFO  org.zkoss.zk.ui.http.WebManager - Starting ZK 9.0.0.1 CE (build: 2020051911)
240  [main] INFO  org.zkoss.zk.ui.sys.ConfigParser - Loading system default
291  [main] INFO  org.zkoss.zk.ui.sys.ConfigParser - Parsing jar:file:/D:/Programs/apache-tomcat-9.0.37/webapps/Authorization/WEB-INF/lib/zul-9.0.0.1.jar!/metainfo/zk/zk.xml
213  [main] INFO  org.zkoss.zk.ui.http.WebManager - Starting ZK 9.0.0.1 CE (build: 2020051911)
233  [main] INFO  org.zkoss.zk.ui.sys.ConfigParser - Loading system default
295  [main] INFO  org.zkoss.zk.ui.sys.ConfigParser - Parsing jar:file:/D:/Programs/apache-tomcat-9.0.37/webapps/Authorization/WEB-INF/lib/zul-9.0.0.1.jar!/metainfo/zk/zk.xml
205  [main] INFO  org.zkoss.zk.ui.http.WebManager - Starting ZK 9.0.0.1 CE (build: 2020051911)
222  [main] INFO  org.zkoss.zk.ui.sys.ConfigParser - Loading system default
275  [main] INFO  org.zkoss.zk.ui.sys.ConfigParser - Parsing jar:file:/D:/Programs/apache-tomcat-9.0.37/webapps/Authorization/WEB-INF/lib/zul-9.0.0.1.jar!/metainfo/zk/zk.xml
